e:\projects\blockpost_mobile_template\injector\x64\build\artifacts_inj\vc143.pdb
e:\projects\blockpost_mobile_template\injector\x64\build\artifacts_inj\main.obj
e:\projects\blockpost_mobile_template\injector\x64\build\artifacts_inj\injector.obj
e:\projects\blockpost_mobile_template\injector\x64\build\artifacts_inj\reestr.obj
e:\projects\blockpost_mobile_template\build\injector.exe
e:\projects\blockpost_mobile_template\build\injector.pdb
e:\projects\blockpost_mobile_template\injector\x64\build\artifacts_inj\injector.ipdb
e:\projects\blockpost_mobile_template\injector\x64\build\artifacts_inj\injector.iobj
e:\projects\blockpost_mobile_template\\build\injector.pdb
e:\projects\blockpost_mobile_template\injector\x64\build\artifacts_inj\injector.tlog\cl.command.1.tlog
e:\projects\blockpost_mobile_template\injector\x64\build\artifacts_inj\injector.tlog\cl.items.tlog
e:\projects\blockpost_mobile_template\injector\x64\build\artifacts_inj\injector.tlog\cl.read.1.tlog
e:\projects\blockpost_mobile_template\injector\x64\build\artifacts_inj\injector.tlog\cl.write.1.tlog
e:\projects\blockpost_mobile_template\injector\x64\build\artifacts_inj\injector.tlog\link-mt.read.1.tlog
e:\projects\blockpost_mobile_template\injector\x64\build\artifacts_inj\injector.tlog\link.command.1.tlog
e:\projects\blockpost_mobile_template\injector\x64\build\artifacts_inj\injector.tlog\link.read.1.tlog
e:\projects\blockpost_mobile_template\injector\x64\build\artifacts_inj\injector.tlog\link.read.16.tlog
e:\projects\blockpost_mobile_template\injector\x64\build\artifacts_inj\injector.tlog\link.read.28.tlog
e:\projects\blockpost_mobile_template\injector\x64\build\artifacts_inj\injector.tlog\link.secondary.1.tlog
e:\projects\blockpost_mobile_template\injector\x64\build\artifacts_inj\injector.tlog\link.write.1.tlog
